[0m2021.12.21 16:22:39 INFO  Started: Metals version 0.10.9 in workspace 'E:\¸öÈË\markdown-doc' for client Visual Studio Code 1.63.2.[0m
[0m2021.12.21 16:22:40 INFO  time: initialize in 0.5s[0m
[0m2021.12.21 16:22:40 WARN  Build server is not auto-connectable.[0m
[0m2021.12.21 16:22:40 WARN  no build tool detected in workspace 'E:\¸öÈË\markdown-doc'. The most common cause for this problem is that the editor was opened in the wrong working directory, for example if you use sbt then the workspace directory should contain build.sbt. [0m
[0m2021.12.21 16:22:41 WARN  no build target for: E:\bigdata\spark\spark-master\spark-master\sql\core\src\main\scala\org\apache\spark\sql\execution\streaming\FileStreamSinkLog.scala[0m
[0m2021.12.21 16:22:41 WARN  no build target for: E:\bigdata\spark\spark-master\spark-master\sql\core\src\main\scala\org\apache\spark\sql\execution\streaming\StreamingGlobalLimitExec.scala[0m
[0m2021.12.21 16:22:54 INFO  no build target: using presentation compiler with only scala-library: 3.1.0[0m
[0m2021.12.21 16:23:43 WARN  no build target for: E:\bigdata\spark\spark-master\spark-master\sql\core\src\main\scala\org\apache\spark\sql\execution\streaming\StreamingRelation.scala[0m
Ê®¶þÔÂ 21, 2021 4:23:43 ÏÂÎç org.eclipse.lsp4j.jsonrpc.RemoteEndpoint handleCancellation
¾¯¸æ: Unmatched cancel notification for request id 18
Ê®¶þÔÂ 21, 2021 4:23:43 ÏÂÎç org.eclipse.lsp4j.jsonrpc.RemoteEndpoint handleCancellation
¾¯¸æ: Unmatched cancel notification for request id 20
[0m2021.12.21 16:23:46 INFO  time: code lens generation in 1m4s[0m
[0m2021.12.21 16:23:46 INFO  time: code lens generation in 3.24s[0m
[0m2021.12.21 16:23:46 INFO  time: code lens generation in 3.29s[0m
[0m2021.12.21 16:23:46 INFO  time: code lens generation in 3.2s[0m
[0m2021.12.21 16:23:46 INFO  time: code lens generation in 3.09s[0m
[0m2021.12.21 16:23:46 INFO  time: code lens generation in 3.15s[0m
[0m2021.12.21 16:23:46 WARN  no build target for: E:\bigdata\spark\spark-master\spark-master\sql\core\src\main\scala\org\apache\spark\sql\execution\streaming\StreamingRelation.scala[0m
[0m2021.12.21 16:25:58 WARN  no build tool detected in workspace 'E:\¸öÈË\markdown-doc'. The most common cause for this problem is that the editor was opened in the wrong working directory, for example if you use sbt then the workspace directory should contain build.sbt. [0m
[0m2021.12.21 16:26:22 INFO  [0m
[0m2021.12.21 16:26:22 INFO  Template applied in E:\bigdata\spark\spark-master\spark-master\.\spark[0m
[0m2021.12.21 16:26:22 INFO  [0m
[0m2021.12.21 16:26:22 INFO  time: ran 'giter8.Giter8' in 9.02s[0m
[0m2021.12.21 16:27:17 ERROR [0m
[0m2021.12.21 16:27:17 ERROR Exiting due to error in the template: C:\Users\lidaqian\AppData\Local\Temp\giter8-108556585487900[0m
[0m2021.12.21 16:27:17 ERROR File: C:\Users\lidaqian\AppData\Local\Temp\giter8-108556585487900\src\main\g8\build.sbt, An unexpected error occurred while processing the template. Check that all literal '$' are properly escaped with '\$'[0m
[0m2021.12.21 16:27:17 ERROR [0m
[0m2021.12.21 16:27:17 INFO  time: ran 'giter8.Giter8' in 4.76s[0m
[0m2021.12.21 16:27:45 INFO  shutting down Metals[0m
[0m2021.12.21 16:28:03 INFO  Started: Metals version 0.10.9 in workspace 'E:\¸öÈË\markdown-doc' for client Visual Studio Code 1.63.2.[0m
[0m2021.12.21 16:28:04 INFO  time: initialize in 0.63s[0m
[0m2021.12.21 16:28:04 WARN  Build server is not auto-connectable.[0m
[0m2021.12.21 16:28:04 WARN  no build tool detected in workspace 'E:\¸öÈË\markdown-doc'. The most common cause for this problem is that the editor was opened in the wrong working directory, for example if you use sbt then the workspace directory should contain build.sbt. [0m
[0m2021.12.21 16:28:05 WARN  no build target for: E:\bigdata\spark\spark-master\spark-master\sql\core\src\main\scala\org\apache\spark\sql\execution\streaming\StreamingRelation.scala[0m
[0m2021.12.21 16:28:08 INFO  no build target: using presentation compiler with only scala-library: 3.1.0[0m
[0m2021.12.21 16:28:12 INFO  time: code lens generation in 6.09s[0m
[0m2021.12.21 16:28:26 WARN  no build target for: E:\bigdata\spark\spark-master\spark-master\sql\core\src\main\scala\org\apache\spark\sql\execution\streaming\StreamingRelation.scala[0m
[0m2021.12.21 16:28:37 WARN  no build target for: E:\bigdata\spark\spark-master\spark-master\sql\core\src\main\scala\org\apache\spark\sql\execution\streaming\StreamExecution.scala[0m
[0m2021.12.21 16:28:46 WARN  no build target for: E:\bigdata\spark\spark-master\spark-master\sql\core\src\main\scala\org\apache\spark\sql\execution\streaming\StreamExecution.scala[0m
[0m2021.12.21 16:28:46 WARN  no build target for: E:\bigdata\spark\spark-master\spark-master\sql\core\src\main\scala\org\apache\spark\sql\execution\streaming\StreamExecution.scala[0m
[0m2021.12.21 16:28:46 WARN  no build target for: E:\bigdata\spark\spark-master\spark-master\sql\core\src\main\scala\org\apache\spark\sql\execution\streaming\StreamExecution.scala[0m
[0m2021.12.21 16:28:47 WARN  no build target for: E:\bigdata\spark\spark-master\spark-master\sql\core\src\main\scala\org\apache\spark\sql\execution\streaming\StreamExecution.scala[0m
[0m2021.12.21 16:28:47 WARN  no build target for: E:\bigdata\spark\spark-master\spark-master\sql\core\src\main\scala\org\apache\spark\sql\execution\streaming\StreamExecution.scala[0m
[0m2021.12.21 16:28:49 WARN  no build target for: E:\bigdata\spark\spark-master\spark-master\sql\core\src\main\scala\org\apache\spark\sql\execution\streaming\StreamExecution.scala[0m
[0m2021.12.21 16:28:49 WARN  no build target for: E:\bigdata\spark\spark-master\spark-master\sql\core\src\main\scala\org\apache\spark\sql\execution\streaming\StreamExecution.scala[0m
[0m2021.12.21 16:28:49 WARN  no build target for: E:\bigdata\spark\spark-master\spark-master\sql\core\src\main\scala\org\apache\spark\sql\execution\streaming\StreamExecution.scala[0m
[0m2021.12.21 16:28:49 WARN  no build target for: E:\bigdata\spark\spark-master\spark-master\sql\core\src\main\scala\org\apache\spark\sql\execution\streaming\StreamExecution.scala[0m
[0m2021.12.21 16:28:52 WARN  no build target for: E:\bigdata\spark\spark-master\spark-master\sql\core\src\main\scala\org\apache\spark\sql\execution\streaming\StreamExecution.scala[0m
Ê®¶þÔÂ 21, 2021 4:28:58 ÏÂÎç org.eclipse.lsp4j.jsonrpc.services.GenericEndpoint notify
ÐÅÏ¢: Unsupported notification method: $/setTrace
[0m2021.12.21 16:30:53 INFO  shutting down Metals[0m
